<?xml version="1.0" encoding="UTF-8"?>
<!-- Generated by org.testng.reporters.JUnitReportReporter -->
<testsuite hostname="DESKTOP-1K8FQ98" failures="0" tests="5" name="com.testing.Testing1" time="0.009" errors="0" timestamp="2020-01-12T10:29:41 EST" skipped="0">
  <testcase classname="com.testing.Testing1" name="f" time="0.005"/>
  <testcase classname="com.testing.Testing1" name="test1" time="0.000"/>
  <testcase classname="com.testing.Testing1" name="test2" time="0.001"/>
  <testcase classname="com.testing.Testing1" name="f" time="0.002"/>
  <testcase classname="com.testing.Testing1" name="test3" time="0.001"/>
</testsuite> <!-- com.testing.Testing1 -->
