<?xml version="1.0" encoding="UTF-8"?>
<!-- Generated by org.testng.reporters.JUnitReportReporter -->
<testsuite hostname="DESKTOP-1K8FQ98" failures="0" tests="2" name="com.testing.Testing2" time="0.008" errors="0" timestamp="2020-01-12T10:29:54 EST" skipped="0">
  <testcase classname="com.testing.Testing2" name="test4" time="0.007"/>
  <testcase classname="com.testing.Testing2" name="test5" time="0.001"/>
</testsuite> <!-- com.testing.Testing2 -->
