<?xml version="1.0" encoding="UTF-8"?>
<!-- Generated by org.testng.reporters.JUnitReportReporter -->
<testsuite hostname="DESKTOP-1K8FQ98" failures="0" tests="3" name="com.testing.Testing3Test" time="0.006" errors="0" timestamp="12 Jan. 2020 19:45:12 GMT" skipped="0">
  <testcase classname="com.testing.Testing3Test" name="hometest" time="0.003"/>
  <testcase classname="com.testing.Testing3Test" name="maintest" time="0.002"/>
  <testcase classname="com.testing.Testing3Test" name="endtest" time="0.001"/>
</testsuite> <!-- com.testing.Testing3Test -->
