<?xml version="1.0" encoding="UTF-8"?>
<!-- Generated by org.testng.reporters.JUnitReportReporter -->
<testsuite hostname="DESKTOP-1K8FQ98" failures="0" tests="2" name="com.testing.Testing2Test" time="0.000" errors="0" timestamp="12 Jan. 2020 19:45:12 GMT" skipped="0">
  <testcase classname="com.testing.Testing2Test" name="test4" time="0.000"/>
  <testcase classname="com.testing.Testing2Test" name="test5" time="0.000"/>
</testsuite> <!-- com.testing.Testing2Test -->
