<?xml version="1.0" encoding="UTF-8"?>
<!-- Generated by org.testng.reporters.JUnitReportReporter -->
<testsuite hostname="DESKTOP-1K8FQ98" failures="0" tests="5" name="com.testing.Testing1Test" time="0.003" errors="0" timestamp="12 Jan. 2020 19:45:12 GMT" skipped="0">
  <testcase classname="com.testing.Testing1Test" name="test3" time="0.002"/>
  <testcase classname="com.testing.Testing1Test" name="f" time="0.000"/>
  <testcase classname="com.testing.Testing1Test" name="f" time="0.001"/>
  <testcase classname="com.testing.Testing1Test" name="test1" time="0.000"/>
  <testcase classname="com.testing.Testing1Test" name="test2" time="0.000"/>
</testsuite> <!-- com.testing.Testing1Test -->
